-------------------------------------------------------------------------------
Test set: br.com.cvc.hotelcredentials.HotelCredentialsApplicationTests
-------------------------------------------------------------------------------
Tests run: 1, Failures: 0, Errors: 1, Skipped: 0, Time elapsed: 3.71 s <<< FAILURE! - in br.com.cvc.hotelcredentials.HotelCredentialsApplicationTests
contextLoads(br.com.cvc.hotelcredentials.HotelCredentialsApplicationTests)  Time elapsed: 0.002 s  <<< ERROR!
java.lang.IllegalStateException: Failed to load ApplicationContext
Caused by: org.springframework.beans.factory.UnsatisfiedDependencyException: Error creating bean with name 'reactiveVaultTemplate' defined in class path resource [org/springframework/cloud/vault/config/VaultReactiveBootstrapConfiguration.class]: Unsatisfied dependency expressed through method 'reactiveVaultTemplate' parameter 0; nested exception is org.springframework.beans.factory.BeanCreationException: Error creating bean with name 'reactiveVaultSessionManager' defined in class path resource [org/springframework/cloud/vault/config/VaultReactiveBootstrapConfiguration.class]: Bean instantiation via factory method failed; nested exception is org.springframework.beans.BeanInstantiationException: Failed to instantiate [org.springframework.vault.authentication.ReactiveSessionManager]: Factory method 'reactiveVaultSessionManager' threw exception; nested exception is org.springframework.beans.factory.BeanCreationException: Error creating bean with name 'vaultTokenSupplier' defined in class path resource [org/springframework/cloud/vault/config/VaultReactiveBootstrapConfiguration.class]: Bean instantiation via factory method failed; nested exception is org.springframework.beans.BeanInstantiationException: Failed to instantiate [org.springframework.vault.authentication.VaultTokenSupplier]: Factory method 'vaultTokenSupplier' threw exception; nested exception is org.springframework.beans.factory.BeanCreationException: Error creating bean with name 'clientAuthentication' defined in class path resource [org/springframework/cloud/vault/config/VaultBootstrapConfiguration.class]: Bean instantiation via factory method failed; nested exception is org.springframework.beans.BeanInstantiationException: Failed to instantiate [org.springframework.vault.authentication.ClientAuthentication]: Factory method 'clientAuthentication' threw exception; nested exception is java.lang.IllegalArgumentException: Token (spring.cloud.vault.token) must not be empty
Caused by: org.springframework.beans.factory.BeanCreationException: Error creating bean with name 'reactiveVaultSessionManager' defined in class path resource [org/springframework/cloud/vault/config/VaultReactiveBootstrapConfiguration.class]: Bean instantiation via factory method failed; nested exception is org.springframework.beans.BeanInstantiationException: Failed to instantiate [org.springframework.vault.authentication.ReactiveSessionManager]: Factory method 'reactiveVaultSessionManager' threw exception; nested exception is org.springframework.beans.factory.BeanCreationException: Error creating bean with name 'vaultTokenSupplier' defined in class path resource [org/springframework/cloud/vault/config/VaultReactiveBootstrapConfiguration.class]: Bean instantiation via factory method failed; nested exception is org.springframework.beans.BeanInstantiationException: Failed to instantiate [org.springframework.vault.authentication.VaultTokenSupplier]: Factory method 'vaultTokenSupplier' threw exception; nested exception is org.springframework.beans.factory.BeanCreationException: Error creating bean with name 'clientAuthentication' defined in class path resource [org/springframework/cloud/vault/config/VaultBootstrapConfiguration.class]: Bean instantiation via factory method failed; nested exception is org.springframework.beans.BeanInstantiationException: Failed to instantiate [org.springframework.vault.authentication.ClientAuthentication]: Factory method 'clientAuthentication' threw exception; nested exception is java.lang.IllegalArgumentException: Token (spring.cloud.vault.token) must not be empty
Caused by: org.springframework.beans.BeanInstantiationException: Failed to instantiate [org.springframework.vault.authentication.ReactiveSessionManager]: Factory method 'reactiveVaultSessionManager' threw exception; nested exception is org.springframework.beans.factory.BeanCreationException: Error creating bean with name 'vaultTokenSupplier' defined in class path resource [org/springframework/cloud/vault/config/VaultReactiveBootstrapConfiguration.class]: Bean instantiation via factory method failed; nested exception is org.springframework.beans.BeanInstantiationException: Failed to instantiate [org.springframework.vault.authentication.VaultTokenSupplier]: Factory method 'vaultTokenSupplier' threw exception; nested exception is org.springframework.beans.factory.BeanCreationException: Error creating bean with name 'clientAuthentication' defined in class path resource [org/springframework/cloud/vault/config/VaultBootstrapConfiguration.class]: Bean instantiation via factory method failed; nested exception is org.springframework.beans.BeanInstantiationException: Failed to instantiate [org.springframework.vault.authentication.ClientAuthentication]: Factory method 'clientAuthentication' threw exception; nested exception is java.lang.IllegalArgumentException: Token (spring.cloud.vault.token) must not be empty
Caused by: org.springframework.beans.factory.BeanCreationException: Error creating bean with name 'vaultTokenSupplier' defined in class path resource [org/springframework/cloud/vault/config/VaultReactiveBootstrapConfiguration.class]: Bean instantiation via factory method failed; nested exception is org.springframework.beans.BeanInstantiationException: Failed to instantiate [org.springframework.vault.authentication.VaultTokenSupplier]: Factory method 'vaultTokenSupplier' threw exception; nested exception is org.springframework.beans.factory.BeanCreationException: Error creating bean with name 'clientAuthentication' defined in class path resource [org/springframework/cloud/vault/config/VaultBootstrapConfiguration.class]: Bean instantiation via factory method failed; nested exception is org.springframework.beans.BeanInstantiationException: Failed to instantiate [org.springframework.vault.authentication.ClientAuthentication]: Factory method 'clientAuthentication' threw exception; nested exception is java.lang.IllegalArgumentException: Token (spring.cloud.vault.token) must not be empty
Caused by: org.springframework.beans.BeanInstantiationException: Failed to instantiate [org.springframework.vault.authentication.VaultTokenSupplier]: Factory method 'vaultTokenSupplier' threw exception; nested exception is org.springframework.beans.factory.BeanCreationException: Error creating bean with name 'clientAuthentication' defined in class path resource [org/springframework/cloud/vault/config/VaultBootstrapConfiguration.class]: Bean instantiation via factory method failed; nested exception is org.springframework.beans.BeanInstantiationException: Failed to instantiate [org.springframework.vault.authentication.ClientAuthentication]: Factory method 'clientAuthentication' threw exception; nested exception is java.lang.IllegalArgumentException: Token (spring.cloud.vault.token) must not be empty
Caused by: org.springframework.beans.factory.BeanCreationException: Error creating bean with name 'clientAuthentication' defined in class path resource [org/springframework/cloud/vault/config/VaultBootstrapConfiguration.class]: Bean instantiation via factory method failed; nested exception is org.springframework.beans.BeanInstantiationException: Failed to instantiate [org.springframework.vault.authentication.ClientAuthentication]: Factory method 'clientAuthentication' threw exception; nested exception is java.lang.IllegalArgumentException: Token (spring.cloud.vault.token) must not be empty
Caused by: org.springframework.beans.BeanInstantiationException: Failed to instantiate [org.springframework.vault.authentication.ClientAuthentication]: Factory method 'clientAuthentication' threw exception; nested exception is java.lang.IllegalArgumentException: Token (spring.cloud.vault.token) must not be empty
Caused by: java.lang.IllegalArgumentException: Token (spring.cloud.vault.token) must not be empty

