<?xml version="1.0" encoding="UTF-8"?>
<testsuite xmlns:xsi="http://www.w3.org/2001/XMLSchema-instance" xsi:noNamespaceSchemaLocation="https://maven.apache.org/surefire/maven-surefire-plugin/xsd/surefire-test-report.xsd" name="br.com.user.controller.resource.ActionsResourceTest" time="0.582" tests="9" errors="0" skipped="0" failures="0">
  <properties>
[...]
</properties>
  <testcase name="testIfRemoveIsAdd" classname="br.com.user.controller.resource.ActionsResourceTest" time="0.005"/>
  <testcase name="testIfActionIsNotAdd" classname="br.com.user.controller.resource.ActionsResourceTest" time="0"/>
  <testcase name="testGetName" classname="br.com.user.controller.resource.ActionsResourceTest" time="0"/>
  <testcase name="testShoudReturnRemove" classname="br.com.user.controller.resource.ActionsResourceTest" time="0.001"/>
  <testcase name="testShoudReturnNull" classname="br.com.user.controller.resource.ActionsResourceTest" time="0"/>
  <testcase name="testIfActionIsAdd" classname="br.com.user.controller.resource.ActionsResourceTest" time="0"/>
  <testcase name="testShoudReturnAdd" classname="br.com.user.controller.resource.ActionsResourceTest" time="0"/>
  <testcase name="testIfRemoveIsNotAdd" classname="br.com.user.controller.resource.ActionsResourceTest" time="0.001"/>
  <testcase name="testShoudVerifyEnumList" classname="br.com.user.controller.resource.ActionsResourceTest" time="0.001"/>
</testsuite>